#
# There is insufficient memory for the Java Runtime Environment to continue.
# Native memory allocation (malloc) failed to allocate 38496 bytes for Chunk::new
# Possible reasons:
#   The system is out of physical RAM or swap space
#   The process is running with CompressedOops enabled, and the Java Heap may be blocking the growth of the native heap
# Possible solutions:
#   Reduce memory load on the system
#   Increase physical memory or swap space
#   Check if swap backing store is full
#   Decrease Java heap size (-Xmx/-Xms)
#   Decrease number of Java threads
#   Decrease Java thread stack sizes (-Xss)
#   Set larger code cache with -XX:ReservedCodeCacheSize=
#   JVM is running with Unscaled Compressed Oops mode in which the Java heap is
#     placed in the first 4GB address space. The Java Heap base address is the
#     maximum limit for the native heap growth. Please use -XX:HeapBaseMinAddress
#     to set the Java Heap base and to place the Java Heap above 4GB virtual address.
# This output file may be truncated or incomplete.
#
#  Out of Memory Error (allocation.cpp:389), pid=2452, tid=0x00000000000001dc
#
# JRE version: OpenJDK Runtime Environment (8.0_402-b06) (build 1.8.0_402-b06)
# Java VM: OpenJDK 64-Bit Server VM (25.402-b06 mixed mode windows-amd64 compressed oops)
# Failed to write core dump. Minidumps are not enabled by default on client versions of Windows
#

---------------  T H R E A D  ---------------

Current thread (0x0000025a50694000):  JavaThread "C2 CompilerThread0" daemon [_thread_in_native, id=476, stack(0x0000006988d00000,0x0000006988e00000)]

Stack: [0x0000006988d00000,0x0000006988e00000]
[error occurred during error reporting (printing stack bounds), id 0xc0000005]

Native frames: (J=compiled Java code, j=interpreted, Vv=VM code, C=native code)


Current CompileTask:
C2:   6795 2444       4       org.eclipse.emf.ecore.impl.EClassImpl::getEAllReferences (257 bytes)


---------------  P R O C E S S  ---------------

Java Threads: ( => current thread )
  0x0000025a51bdf000 JavaThread "com.google.inject.internal.util.$Finalizer" daemon [_thread_blocked, id=6824, stack(0x0000006989200000,0x0000006989300000)]
  0x0000025a51a18800 JavaThread "EMF Reference Cleaner" daemon [_thread_blocked, id=9308, stack(0x0000006989100000,0x0000006989200000)]
  0x0000025a5071d000 JavaThread "Service Thread" daemon [_thread_blocked, id=1432, stack(0x0000006988f00000,0x0000006989000000)]
  0x0000025a50691000 JavaThread "C1 CompilerThread1" daemon [_thread_in_native, id=8652, stack(0x0000006988e00000,0x0000006988f00000)]
=>0x0000025a50694000 JavaThread "C2 CompilerThread0" daemon [_thread_in_native, id=476, stack(0x0000006988d00000,0x0000006988e00000)]
  0x0000025a50687000 JavaThread "Attach Listener" daemon [_thread_blocked, id=10328, stack(0x0000006988c00000,0x0000006988d00000)]
  0x0000025a50685800 JavaThread "Signal Dispatcher" daemon [_thread_blocked, id=10500, stack(0x0000006988b00000,0x0000006988c00000)]
  0x0000025a5065b000 JavaThread "Finalizer" daemon [_thread_blocked, id=5532, stack(0x0000006988a00000,0x0000006988b00000)]
  0x0000025a5018e000 JavaThread "Reference Handler" daemon [_thread_blocked, id=10572, stack(0x0000006988900000,0x0000006988a00000)]
  0x0000025a3c7d7000 JavaThread "main" [_thread_in_Java, id=9972, stack(0x0000006988500000,0x0000006988600000)]

Other Threads:
  0x0000025a50187800 VMThread [stack: 0x0000006988800000,0x0000006988900000] [id=3916]
  0x0000025a50720800 WatcherThread [stack: 0x0000006989000000,0x0000006989100000] [id=5336]

VM state:not at safepoint (normal execution)

VM Mutex/Monitor currently owned by a thread: None

heap address: 0x00000000c2800000, size: 984 MB, Compressed Oops mode: 32-bit
Narrow klass base: 0x0000000000000000, Narrow klass shift: 3
Compressed class space size: 1073741824 Address: 0x0000000100000000

Heap:
 PSYoungGen      total 34304K, used 18503K [0x00000000eb800000, 0x00000000edc00000, 0x0000000100000000)
  eden space 31744K, 50% used [0x00000000eb800000,0x00000000ec799de8,0x00000000ed700000)
  from space 2560K, 98% used [0x00000000ed980000,0x00000000edbf8030,0x00000000edc00000)
  to   space 2560K, 0% used [0x00000000ed700000,0x00000000ed700000,0x00000000ed980000)
 ParOldGen       total 42496K, used 27327K [0x00000000c2800000, 0x00000000c5180000, 0x00000000eb800000)
  object space 42496K, 64% used [0x00000000c2800000,0x00000000c42afd00,0x00000000c5180000)
 Metaspace       used 19704K, capacity 19960K, committed 20352K, reserved 1069056K
  class space    used 2500K, capacity 2586K, committed 2688K, reserved 1048576K

Card table byte_map: [0x0000025a4d4a0000,0x0000025a4d690000] byte_map_base: 0x0000025a4ce8c000

Marking Bits: (ParMarkBitMap*) 0x0000000058590850
 Begin Bits: [0x0000025a4d7e0000, 0x0000025a4e740000)
 End Bits:   [0x0000025a4e740000, 0x0000025a4f6a0000)

Polling page: 0x0000025a3c770000

CodeCache: size=245760Kb used=8532Kb max_used=8532Kb free=237227Kb
 bounds [0x0000025a3e0e0000, 0x0000025a3e940000, 0x0000025a4d0e0000]
 total_blobs=2881 nmethods=2479 adapters=314
 compilation: enabled

Compilation events (10 events):
Event: 6.783 Thread 0x0000025a50691000 nmethod 2472 0x0000025a3e934490 code [0x0000025a3e9345e0, 0x0000025a3e934738]
Event: 6.785 Thread 0x0000025a50691000 2473       3       com.google.inject.internal.util.$Preconditions::checkState (17 bytes)
Event: 6.785 Thread 0x0000025a50691000 nmethod 2473 0x0000025a3e9347d0 code [0x0000025a3e934960, 0x0000025a3e934d20]
Event: 6.785 Thread 0x0000025a50691000 2474       3       com.google.inject.internal.ConstructorBindingImpl$Factory::get (65 bytes)
Event: 6.787 Thread 0x0000025a50691000 nmethod 2474 0x0000025a3e934ed0 code [0x0000025a3e9350e0, 0x0000025a3e935d60]
Event: 6.787 Thread 0x0000025a50691000 2475       3       com.google.inject.internal.InternalContext::getConstructionContext (40 bytes)
Event: 6.787 Thread 0x0000025a50691000 nmethod 2475 0x0000025a3e9362d0 code [0x0000025a3e936460, 0x0000025a3e9369a0]
Event: 6.787 Thread 0x0000025a50691000 2476   !   3       com.google.inject.internal.SingleParameterInjector::getAll (81 bytes)
Event: 6.789 Thread 0x0000025a50691000 nmethod 2476 0x0000025a3e936b50 code [0x0000025a3e936d60, 0x0000025a3e9379f0]
Event: 6.790 Thread 0x0000025a50691000 2477       3       com.google.inject.internal.ConstructionContext::startConstruction (6 bytes)

GC Heap History (10 events):
Event: 1.444 GC heap before
{Heap before GC invocations=2 (full 0):
 PSYoungGen      total 18432K, used 18428K [0x00000000eb800000, 0x00000000ecc80000, 0x0000000100000000)
  eden space 15872K, 100% used [0x00000000eb800000,0x00000000ec780000,0x00000000ec780000)
  from space 2560K, 99% used [0x00000000ec780000,0x00000000ec9ff110,0x00000000eca00000)
  to   space 2560K, 0% used [0x00000000eca00000,0x00000000eca00000,0x00000000ecc80000)
 ParOldGen       total 42496K, used 675K [0x00000000c2800000, 0x00000000c5180000, 0x00000000eb800000)
  object space 42496K, 1% used [0x00000000c2800000,0x00000000c28a8d48,0x00000000c5180000)
 Metaspace       used 7247K, capacity 7394K, committed 7552K, reserved 1056768K
  class space    used 791K, capacity 869K, committed 896K, reserved 1048576K
Event: 1.457 GC heap after
Heap after GC invocations=2 (full 0):
 PSYoungGen      total 18432K, used 2549K [0x00000000eb800000, 0x00000000edc00000, 0x0000000100000000)
  eden space 15872K, 0% used [0x00000000eb800000,0x00000000eb800000,0x00000000ec780000)
  from space 2560K, 99% used [0x00000000eca00000,0x00000000ecc7d600,0x00000000ecc80000)
  to   space 2560K, 0% used [0x00000000ec780000,0x00000000ec780000,0x00000000eca00000)
 ParOldGen       total 42496K, used 4860K [0x00000000c2800000, 0x00000000c5180000, 0x00000000eb800000)
  object space 42496K, 11% used [0x00000000c2800000,0x00000000c2cbf0b8,0x00000000c5180000)
 Metaspace       used 7247K, capacity 7394K, committed 7552K, reserved 1056768K
  class space    used 791K, capacity 869K, committed 896K, reserved 1048576K
}
Event: 2.174 GC heap before
{Heap before GC invocations=3 (full 0):
 PSYoungGen      total 18432K, used 18421K [0x00000000eb800000, 0x00000000edc00000, 0x0000000100000000)
  eden space 15872K, 100% used [0x00000000eb800000,0x00000000ec780000,0x00000000ec780000)
  from space 2560K, 99% used [0x00000000eca00000,0x00000000ecc7d600,0x00000000ecc80000)
  to   space 2560K, 0% used [0x00000000ec780000,0x00000000ec780000,0x00000000eca00000)
 ParOldGen       total 42496K, used 4860K [0x00000000c2800000, 0x00000000c5180000, 0x00000000eb800000)
  object space 42496K, 11% used [0x00000000c2800000,0x00000000c2cbf0b8,0x00000000c5180000)
 Metaspace       used 8211K, capacity 8436K, committed 8704K, reserved 1056768K
  class space    used 906K, capacity 1000K, committed 1024K, reserved 1048576K
Event: 2.183 GC heap after
Heap after GC invocations=3 (full 0):
 PSYoungGen      total 18432K, used 2528K [0x00000000eb800000, 0x00000000edc00000, 0x0000000100000000)
  eden space 15872K, 0% used [0x00000000eb800000,0x00000000eb800000,0x00000000ec780000)
  from space 2560K, 98% used [0x00000000ec780000,0x00000000ec9f8020,0x00000000eca00000)
  to   space 2560K, 0% used [0x00000000ed980000,0x00000000ed980000,0x00000000edc00000)
 ParOldGen       total 42496K, used 7043K [0x00000000c2800000, 0x00000000c5180000, 0x00000000eb800000)
  object space 42496K, 16% used [0x00000000c2800000,0x00000000c2ee0cd0,0x00000000c5180000)
 Metaspace       used 8211K, capacity 8436K, committed 8704K, reserved 1056768K
  class space    used 906K, capacity 1000K, committed 1024K, reserved 1048576K
}
Event: 2.679 GC heap before
{Heap before GC invocations=4 (full 0):
 PSYoungGen      total 18432K, used 18400K [0x00000000eb800000, 0x00000000edc00000, 0x0000000100000000)
  eden space 15872K, 100% used [0x00000000eb800000,0x00000000ec780000,0x00000000ec780000)
  from space 2560K, 98% used [0x00000000ec780000,0x00000000ec9f8020,0x00000000eca00000)
  to   space 2560K, 0% used [0x00000000ed980000,0x00000000ed980000,0x00000000edc00000)
 ParOldGen       total 42496K, used 7043K [0x00000000c2800000, 0x00000000c5180000, 0x00000000eb800000)
  object space 42496K, 16% used [0x00000000c2800000,0x00000000c2ee0cd0,0x00000000c5180000)
 Metaspace       used 10072K, capacity 10324K, committed 10624K, reserved 1058816K
  class space    used 1195K, capacity 1288K, committed 1408K, reserved 1048576K
Event: 2.698 GC heap after
Heap after GC invocations=4 (full 0):
 PSYoungGen      total 34304K, used 2544K [0x00000000eb800000, 0x00000000edc00000, 0x0000000100000000)
  eden space 31744K, 0% used [0x00000000eb800000,0x00000000eb800000,0x00000000ed700000)
  from space 2560K, 99% used [0x00000000ed980000,0x00000000edbfc020,0x00000000edc00000)
  to   space 2560K, 0% used [0x00000000ed700000,0x00000000ed700000,0x00000000ed980000)
 ParOldGen       total 42496K, used 13956K [0x00000000c2800000, 0x00000000c5180000, 0x00000000eb800000)
  object space 42496K, 32% used [0x00000000c2800000,0x00000000c35a1288,0x00000000c5180000)
 Metaspace       used 10072K, capacity 10324K, committed 10624K, reserved 1058816K
  class space    used 1195K, capacity 1288K, committed 1408K, reserved 1048576K
}
Event: 3.796 GC heap before
{Heap before GC invocations=5 (full 0):
 PSYoungGen      total 34304K, used 34288K [0x00000000eb800000, 0x00000000edc00000, 0x0000000100000000)
  eden space 31744K, 100% used [0x00000000eb800000,0x00000000ed700000,0x00000000ed700000)
  from space 2560K, 99% used [0x00000000ed980000,0x00000000edbfc020,0x00000000edc00000)
  to   space 2560K, 0% used [0x00000000ed700000,0x00000000ed700000,0x00000000ed980000)
 ParOldGen       total 42496K, used 13956K [0x00000000c2800000, 0x00000000c5180000, 0x00000000eb800000)
  object space 42496K, 32% used [0x00000000c2800000,0x00000000c35a1288,0x00000000c5180000)
 Metaspace       used 13555K, capacity 13792K, committed 14080K, reserved 1060864K
  class space    used 1670K, capacity 1738K, committed 1792K, reserved 1048576K
Event: 3.817 GC heap after
Heap after GC invocations=5 (full 0):
 PSYoungGen      total 34304K, used 2528K [0x00000000eb800000, 0x00000000edc00000, 0x0000000100000000)
  eden space 31744K, 0% used [0x00000000eb800000,0x00000000eb800000,0x00000000ed700000)
  from space 2560K, 98% used [0x00000000ed700000,0x00000000ed978010,0x00000000ed980000)
  to   space 2560K, 0% used [0x00000000ed980000,0x00000000ed980000,0x00000000edc00000)
 ParOldGen       total 42496K, used 21133K [0x00000000c2800000, 0x00000000c5180000, 0x00000000eb800000)
  object space 42496K, 49% used [0x00000000c2800000,0x00000000c3ca3458,0x00000000c5180000)
 Metaspace       used 13555K, capacity 13792K, committed 14080K, reserved 1060864K
  class space    used 1670K, capacity 1738K, committed 1792K, reserved 1048576K
}
Event: 5.591 GC heap before
{Heap before GC invocations=6 (full 0):
 PSYoungGen      total 34304K, used 34272K [0x00000000eb800000, 0x00000000edc00000, 0x0000000100000000)
  eden space 31744K, 100% used [0x00000000eb800000,0x00000000ed700000,0x00000000ed700000)
  from space 2560K, 98% used [0x00000000ed700000,0x00000000ed978010,0x00000000ed980000)
  to   space 2560K, 0% used [0x00000000ed980000,0x00000000ed980000,0x00000000edc00000)
 ParOldGen       total 42496K, used 21133K [0x00000000c2800000, 0x00000000c5180000, 0x00000000eb800000)
  object space 42496K, 49% used [0x00000000c2800000,0x00000000c3ca3458,0x00000000c5180000)
 Metaspace       used 17493K, capacity 17718K, committed 17920K, reserved 1064960K
  class space    used 2217K, capacity 2291K, committed 2304K, reserved 1048576K
Event: 5.612 GC heap after
Heap after GC invocations=6 (full 0):
 PSYoungGen      total 34304K, used 2528K [0x00000000eb800000, 0x00000000edc00000, 0x0000000100000000)
  eden space 31744K, 0% used [0x00000000eb800000,0x00000000eb800000,0x00000000ed700000)
  from space 2560K, 98% used [0x00000000ed980000,0x00000000edbf8030,0x00000000edc00000)
  to   space 2560K, 0% used [0x00000000ed700000,0x00000000ed700000,0x00000000ed980000)
 ParOldGen       total 42496K, used 27327K [0x00000000c2800000, 0x00000000c5180000, 0x00000000eb800000)
  object space 42496K, 64% used [0x00000000c2800000,0x00000000c42afd00,0x00000000c5180000)
 Metaspace       used 17493K, capacity 17718K, committed 17920K, reserved 1064960K
  class space    used 2217K, capacity 2291K, committed 2304K, reserved 1048576K
}

Deoptimization events (10 events):
Event: 5.962 Thread 0x0000025a3c7d7000 Uncommon trap: reason=class_check action=maybe_recompile pc=0x0000025a3e72b908 method=org.eclipse.emf.ecore.impl.BasicEObjectImpl.eDerivedStructuralFeatureID(Lorg/eclipse/emf/ecore/EStructuralFeature;)I @ 1
Event: 5.967 Thread 0x0000025a3c7d7000 Uncommon trap: reason=class_check action=maybe_recompile pc=0x0000025a3e72b908 method=org.eclipse.emf.ecore.impl.BasicEObjectImpl.eDerivedStructuralFeatureID(Lorg/eclipse/emf/ecore/EStructuralFeature;)I @ 1
Event: 5.968 Thread 0x0000025a3c7d7000 Uncommon trap: reason=class_check action=maybe_recompile pc=0x0000025a3e72b908 method=org.eclipse.emf.ecore.impl.BasicEObjectImpl.eDerivedStructuralFeatureID(Lorg/eclipse/emf/ecore/EStructuralFeature;)I @ 1
Event: 5.969 Thread 0x0000025a3c7d7000 Uncommon trap: reason=class_check action=maybe_recompile pc=0x0000025a3e72b908 method=org.eclipse.emf.ecore.impl.BasicEObjectImpl.eDerivedStructuralFeatureID(Lorg/eclipse/emf/ecore/EStructuralFeature;)I @ 1
Event: 6.020 Thread 0x0000025a3c7d7000 Uncommon trap: reason=unstable_if action=reinterpret pc=0x0000025a3e711f54 method=org.eclipse.emf.ecore.impl.MinimalEObjectImpl.fieldIndex(I)I @ 13
Event: 6.231 Thread 0x0000025a3c7d7000 Uncommon trap: reason=bimorphic action=maybe_recompile pc=0x0000025a3e729304 method=org.eclipse.emf.common.util.AbstractEList$EIterator.next()Ljava/lang/Object; @ 1
Event: 6.352 Thread 0x0000025a3c7d7000 Uncommon trap: reason=class_check action=maybe_recompile pc=0x0000025a3e7e9e7c method=org.antlr.runtime.DFA.predict(Lorg/antlr/runtime/IntStream;)I @ 26
Event: 6.353 Thread 0x0000025a3c7d7000 Uncommon trap: reason=unstable_if action=reinterpret pc=0x0000025a3e7ea0ec method=org.antlr.runtime.DFA.predict(Lorg/antlr/runtime/IntStream;)I @ 208
Event: 6.422 Thread 0x0000025a3c7d7000 Uncommon trap: reason=unstable_if action=reinterpret pc=0x0000025a3e8234c8 method=org.eclipse.xtext.parser.antlr.XtextTokenStream.LT(I)Lorg/antlr/runtime/Token; @ 21
Event: 6.646 Thread 0x0000025a3c7d7000 Uncommon trap: reason=unstable_if action=reinterpret pc=0x0000025a3e8d5fdc method=org.antlr.runtime.CommonTokenStream.consume()V @ 13

Classes redefined (0 events):
No events

Internal exceptions (10 events):
Event: 1.294 Thread 0x0000025a3c7d7000 Exception <a 'java/security/PrivilegedActionException'> (0x00000000ebefad28) thrown at [E:\Jenkins\workspace\temp\workspace\build\src\hotspot\src\share\vm\prims\jvm.cpp, line 1514]
Event: 1.294 Thread 0x0000025a3c7d7000 Exception <a 'java/security/PrivilegedActionException'> (0x00000000ebefaf38) thrown at [E:\Jenkins\workspace\temp\workspace\build\src\hotspot\src\share\vm\prims\jvm.cpp, line 1514]
Event: 1.355 Thread 0x0000025a3c7d7000 Exception <a 'java/lang/ClassNotFoundException': org/apache/log4j/PatternLayoutBeanInfo> (0x00000000ec055340) thrown at [E:\Jenkins\workspace\temp\workspace\build\src\hotspot\src\share\vm\classfile\systemDictionary.cpp, line 217]
Event: 1.356 Thread 0x0000025a3c7d7000 Exception <a 'java/lang/ClassNotFoundException': org/apache/log4j/LayoutBeanInfo> (0x00000000ec0637e0) thrown at [E:\Jenkins\workspace\temp\workspace\build\src\hotspot\src\share\vm\classfile\systemDictionary.cpp, line 217]
Event: 1.357 Thread 0x0000025a3c7d7000 Exception <a 'java/lang/ClassNotFoundException': java/lang/ObjectBeanInfo> (0x00000000ec06a198) thrown at [E:\Jenkins\workspace\temp\workspace\build\src\hotspot\src\share\vm\classfile\systemDictionary.cpp, line 217]
Event: 1.358 Thread 0x0000025a3c7d7000 Exception <a 'java/lang/ClassNotFoundException': java/lang/ObjectCustomizer> (0x00000000ec070c08) thrown at [E:\Jenkins\workspace\temp\workspace\build\src\hotspot\src\share\vm\classfile\systemDictionary.cpp, line 217]
Event: 1.380 Thread 0x0000025a3c7d7000 Exception <a 'java/lang/ClassNotFoundException': org/apache/log4j/LayoutCustomizer> (0x00000000ec087be0) thrown at [E:\Jenkins\workspace\temp\workspace\build\src\hotspot\src\share\vm\classfile\systemDictionary.cpp, line 217]
Event: 1.384 Thread 0x0000025a3c7d7000 Exception <a 'java/lang/ClassNotFoundException': org/apache/log4j/PatternLayoutCustomizer> (0x00000000ec0abb58) thrown at [E:\Jenkins\workspace\temp\workspace\build\src\hotspot\src\share\vm\classfile\systemDictionary.cpp, line 217]
Event: 5.387 Thread 0x0000025a3c7d7000 Implicit null exception at 0x0000025a3e369c16 to 0x0000025a3e369fb9
Event: 5.790 Thread 0x0000025a3c7d7000 Exception <a 'java/io/FileNotFoundException'> (0x00000000ebb22a90) thrown at [E:\Jenkins\workspace\temp\workspace\build\src\hotspot\src\share\vm\prims\jni.cpp, line 709]

Events (10 events):
Event: 6.772 loading class java/lang/invoke/DirectMethodHandle$Special
Event: 6.773 loading class java/lang/invoke/DirectMethodHandle$Special done
Event: 6.773 loading class org/eclipse/xtext/naming/QualifiedName
Event: 6.773 loading class org/eclipse/xtext/naming/QualifiedName done
Event: 6.773 loading class org/eclipse/xtext/naming/DefaultDeclarativeQualifiedNameProvider
Event: 6.773 loading class org/eclipse/xtext/naming/DefaultDeclarativeQualifiedNameProvider done
Event: 6.776 loading class org/eclipse/xtext/resource/EObjectDescription
Event: 6.776 loading class org/eclipse/xtext/resource/EObjectDescription done
Event: 6.777 loading class org/eclipse/xtext/resource/AbstractEObjectDescription
Event: 6.777 loading class org/eclipse/xtext/resource/AbstractEObjectDescription done


Dynamic libraries:
0x00007ff66bc10000 - 0x00007ff66bc61000 	C:\Program Files\Eclipse Adoptium\jdk-8.0.402.6-hotspot\bin\javaw.exe
0x00007ff909930000 - 0x00007ff909b28000 	C:\WINDOWS\SYSTEM32\ntdll.dll
0x00007ff908870000 - 0x00007ff90892d000 	C:\WINDOWS\System32\KERNEL32.DLL
0x00007ff9073a0000 - 0x00007ff907696000 	C:\WINDOWS\System32\KERNELBASE.dll
0x00007ff909820000 - 0x00007ff9098d0000 	C:\WINDOWS\System32\ADVAPI32.dll
0x00007ff908620000 - 0x00007ff9086be000 	C:\WINDOWS\System32\msvcrt.dll
0x00007ff907bb0000 - 0x00007ff907c50000 	C:\WINDOWS\System32\sechost.dll
0x00007ff9086c0000 - 0x00007ff9087e3000 	C:\WINDOWS\System32\RPCRT4.dll
0x00007ff9076f0000 - 0x00007ff907717000 	C:\WINDOWS\System32\bcrypt.dll
0x00007ff907e00000 - 0x00007ff907f9f000 	C:\WINDOWS\System32\USER32.dll
0x00007ff907930000 - 0x00007ff907952000 	C:\WINDOWS\System32\win32u.dll
0x00007ff9090a0000 - 0x00007ff9090cb000 	C:\WINDOWS\System32\GDI32.dll
0x00007ff907210000 - 0x00007ff907327000 	C:\WINDOWS\System32\gdi32full.dll
0x00007ff907070000 - 0x00007ff90710d000 	C:\WINDOWS\System32\msvcp_win.dll
0x00007ff907110000 - 0x00007ff907210000 	C:\WINDOWS\System32\ucrtbase.dll
0x00007ff8ef1c0000 - 0x00007ff8ef45a000 	C:\WINDOWS\WinSxS\amd64_microsoft.windows.common-controls_6595b64144ccf1df_6.0.19041.3636_none_60b6a03d71f818d5\COMCTL32.dll
0x00007ff907b70000 - 0x00007ff907ba2000 	C:\WINDOWS\System32\IMM32.DLL
0x00007ff8efdd0000 - 0x00007ff8efde5000 	C:\Program Files\Eclipse Adoptium\jdk-8.0.402.6-hotspot\jre\bin\vcruntime140.dll
0x00007ff8d3fb0000 - 0x00007ff8d404b000 	C:\Program Files\Eclipse Adoptium\jdk-8.0.402.6-hotspot\jre\bin\msvcp140.dll
0x0000000057db0000 - 0x0000000058609000 	C:\Program Files\Eclipse Adoptium\jdk-8.0.402.6-hotspot\jre\bin\server\jvm.dll
0x00007ff9097b0000 - 0x00007ff9097b8000 	C:\WINDOWS\System32\PSAPI.DLL
0x00007ff901f70000 - 0x00007ff901f79000 	C:\WINDOWS\SYSTEM32\WSOCK32.dll
0x00007ff908800000 - 0x00007ff90886b000 	C:\WINDOWS\System32\WS2_32.dll
0x00007ff8efb40000 - 0x00007ff8efb67000 	C:\WINDOWS\SYSTEM32\WINMM.dll
0x00007ff900c70000 - 0x00007ff900c7a000 	C:\WINDOWS\SYSTEM32\VERSION.dll
0x00007ff904e70000 - 0x00007ff904e82000 	C:\WINDOWS\SYSTEM32\kernel.appcore.dll
0x00007ff902bf0000 - 0x00007ff902c00000 	C:\Program Files\Eclipse Adoptium\jdk-8.0.402.6-hotspot\jre\bin\verify.dll
0x00007ff901ac0000 - 0x00007ff901aeb000 	C:\Program Files\Eclipse Adoptium\jdk-8.0.402.6-hotspot\jre\bin\java.dll
0x00007ff902ba0000 - 0x00007ff902bb8000 	C:\Program Files\Eclipse Adoptium\jdk-8.0.402.6-hotspot\jre\bin\zip.dll
0x00007ff908930000 - 0x00007ff90909b000 	C:\WINDOWS\System32\SHELL32.dll
0x00007ff905070000 - 0x00007ff90580e000 	C:\WINDOWS\SYSTEM32\windows.storage.dll
0x00007ff909220000 - 0x00007ff909573000 	C:\WINDOWS\System32\combase.dll
0x00007ff906a10000 - 0x00007ff906a3e000 	C:\WINDOWS\SYSTEM32\Wldp.dll
0x00007ff908410000 - 0x00007ff9084dd000 	C:\WINDOWS\System32\OLEAUT32.dll
0x00007ff9096a0000 - 0x00007ff90974d000 	C:\WINDOWS\System32\SHCORE.dll
0x00007ff909160000 - 0x00007ff9091b5000 	C:\WINDOWS\System32\shlwapi.dll
0x00007ff906f10000 - 0x00007ff906f33000 	C:\WINDOWS\SYSTEM32\profapi.dll

VM Arguments:
jvm_args: -Duser.language=es_AR -Dfile.encoding=UTF-8 
java_command: org.uqbar.project.wollok.launch.WollokLauncher -requestsPort 0 -eventsPort 0 -folder -dontValidate -wf src/program.wpgm -darkMode
java_class_path (initial): C:\Users\esjai\Downloads\autitosGame-agusesjaita\bin;C:\Users\esjai\Downloads\plugins\com.ibm.icu_64.2.0.v20190507-1337.jar;C:\Users\esjai\Downloads\plugins\org.eclipse.xtext_2.20.0.v20191202-0915.jar;C:\Users\esjai\Downloads\plugins\org.eclipse.emf.ecore.xmi_2.16.0.v20190528-0725.jar;C:\Users\esjai\Downloads\plugins\org.eclipse.emf.ecore_2.20.0.v20190920-0401.jar;C:\Users\esjai\Downloads\plugins\org.eclipse.emf.common_2.17.0.v20190920-0401.jar;C:\Users\esjai\Downloads\plugins\org.antlr.runtime_3.2.0.v201101311130.jar;C:\Users\esjai\Downloads\plugins\com.google.inject_3.0.0.v201605172100.jar;C:\Users\esjai\Downloads\plugins\org.eclipse.emf.mwe.core_1.5.1.v20191121-1148.jar;C:\Users\esjai\Downloads\plugins\org.apache.commons.cli_1.2.0.v201404270220.jar;C:\Users\esjai\Downloads\plugins\org.eclipse.emf.mwe2.runtime_2.11.1.v20191121-1148.jar;C:\Users\esjai\Downloads\plugins\org.eclipse.emf.mwe.utils_1.5.1.v20191121-1148.jar;C:\Users\esjai\Downloads\plugins\org.eclipse.xtext.util_2.20.0.v20191202-0915.jar;C:\Users\esjai\Downloads\plugins\com.google.guava_27.1.0.v20190517-1946.jar;C:\Users\esjai\Downloads\plugins\javax.inject_1.0.0.v20091030.jar;C:\Users\esjai\Downloads\plugins\org.eclipse.xtext.generator_2.20.0.v20191202-0933.jar;C:\Users\esjai\Downloads\plugins\org.eclipse.xtext.xtext.generator_2.20.0.v20191202-0915.jar;C:\Users\esjai\Downloads\plugins\org.eclipse.xtext.xbase.lib_2.20.0.v20191202-0907.jar;C:\Users\esjai\Downloads\plugins\org.eclipse.emf.codegen.ecore_2.20.0.v20191012-0918.jar;C:\Users\esjai\Downloads\plugins\org.eclipse.emf.codegen_2.19.0.v20190821-1536.jar;C:\Users\esjai\Downloads\plugins\org.eclipse.xtend_2.2.0.v201605260315.jar;C:\Users\esjai\Downloads\plugins\org.eclipse.xpand_2.2.0.v201605260315.jar;C:\Users\esjai\Downloads\plugins\org.eclipse.xtend.typesystem.emf_2.2.0.v201605260315.jar;C:\Users\esjai\Downloads\plugins\org.uqbar.project.wollok_3.0.0.jar;C:\Users\esjai\Downloads\plugins\org.eclipse.xtext.xbase_2.20.0.v2
Launcher Type: SUN_STANDARD

Environment Variables:
PATH=C:/Program Files/Eclipse Adoptium/jdk-8.0.402.6-hotspot/bin/../jre/bin/server;C:/Program Files/Eclipse Adoptium/jdk-8.0.402.6-hotspot/bin/../jre/bin;C:/Program Files/Eclipse Adoptium/jdk-8.0.402.6-hotspot/bin/../jre/lib/amd64;C:\Program Files\Eclipse Adoptium\jdk-8.0.402.6-hotspot\bin;C:\WINDOWS\system32;C:\WINDOWS;C:\WINDOWS\System32\Wbem;C:\WINDOWS\System32\WindowsPowerShell\v1.0\;C:\WINDOWS\System32\OpenSSH\;C:\Program Files\Git\cmd;C:\Users\esjai\AppData\Local\Microsoft\WindowsApps;;C:\Users\esjai\Downloads\Microsoft VS Code\bin;C:\Users\esjai\Downloads;
USERNAME=esjai
OS=Windows_NT
PROCESSOR_IDENTIFIER=Intel64 Family 6 Model 92 Stepping 9, GenuineIntel



---------------  S Y S T E M  ---------------

OS: Windows 10 , 64 bit Build 19041 (10.0.19041.3636)

CPU:total 2 (initial active 2) (2 cores per cpu, 1 threads per core) family 6 model 92 stepping 9, cmov, cx8, fxsr, mmx, sse, sse2, sse3, ssse3, sse4.1, sse4.2, popcnt, aes, clmul, erms, 3dnowpref, tsc, tscinvbit

Memory: 4k page, physical 4023332k(262388k free), swap 9188368k(5320k free)

vm_info: OpenJDK 64-Bit Server VM (25.402-b06) for windows-amd64 JRE (1.8.0_402-b06), built on Jan 16 2024 21:53:06 by "jenkins" with MS VC++ 15.9 (VS2017)

time: Sun Apr 21 03:48:43 2024
timezone: Hora estándar de Argentina
elapsed time: 6.802215 seconds (0d 0h 0m 6s)

