#
# There is insufficient memory for the Java Runtime Environment to continue.
# Native memory allocation (malloc) failed to allocate 32744 bytes for ChunkPool::allocate
# Possible reasons:
#   The system is out of physical RAM or swap space
#   The process is running with CompressedOops enabled, and the Java Heap may be blocking the growth of the native heap
# Possible solutions:
#   Reduce memory load on the system
#   Increase physical memory or swap space
#   Check if swap backing store is full
#   Decrease Java heap size (-Xmx/-Xms)
#   Decrease number of Java threads
#   Decrease Java thread stack sizes (-Xss)
#   Set larger code cache with -XX:ReservedCodeCacheSize=
#   JVM is running with Unscaled Compressed Oops mode in which the Java heap is
#     placed in the first 4GB address space. The Java Heap base address is the
#     maximum limit for the native heap growth. Please use -XX:HeapBaseMinAddress
#     to set the Java Heap base and to place the Java Heap above 4GB virtual address.
# This output file may be truncated or incomplete.
#
#  Out of Memory Error (allocation.cpp:272), pid=5996, tid=0x00000000000024f8
#
# JRE version: OpenJDK Runtime Environment (8.0_402-b06) (build 1.8.0_402-b06)
# Java VM: OpenJDK 64-Bit Server VM (25.402-b06 mixed mode windows-amd64 compressed oops)
# Failed to write core dump. Minidumps are not enabled by default on client versions of Windows
#

---------------  T H R E A D  ---------------

Current thread (0x0000019ccd8eb800):  JavaThread "C1 CompilerThread1" daemon [_thread_in_native, id=9464, stack(0x0000006232b00000,0x0000006232c00000)]

Stack: [0x0000006232b00000,0x0000006232c00000]
[error occurred during error reporting (printing stack bounds), id 0xc0000005]

Native frames: (J=compiled Java code, j=interpreted, Vv=VM code, C=native code)


Current CompileTask:
C1:   7601 1869       3       org.eclipse.emf.ecore.impl.BasicEObjectImpl::eContainer (95 bytes)


---------------  P R O C E S S  ---------------

Java Threads: ( => current thread )
  0x0000019cced46800 JavaThread "com.google.inject.internal.util.$Finalizer" daemon [_thread_blocked, id=8928, stack(0x0000006232f00000,0x0000006233000000)]
  0x0000019ccebaf000 JavaThread "EMF Reference Cleaner" daemon [_thread_blocked, id=440, stack(0x0000006232e00000,0x0000006232f00000)]
  0x0000019ccd946000 JavaThread "Service Thread" daemon [_thread_blocked, id=5616, stack(0x0000006232c00000,0x0000006232d00000)]
=>0x0000019ccd8eb800 JavaThread "C1 CompilerThread1" daemon [_thread_in_native, id=9464, stack(0x0000006232b00000,0x0000006232c00000)]
  0x0000019ccd8e7000 JavaThread "C2 CompilerThread0" daemon [_thread_in_native, id=10672, stack(0x0000006232a00000,0x0000006232b00000)]
  0x0000019ccd8e4000 JavaThread "Attach Listener" daemon [_thread_blocked, id=9132, stack(0x0000006232900000,0x0000006232a00000)]
  0x0000019ccd8e3000 JavaThread "Signal Dispatcher" daemon [_thread_blocked, id=6916, stack(0x0000006232800000,0x0000006232900000)]
  0x0000019ccd3ee800 JavaThread "Finalizer" daemon [_thread_blocked, id=1416, stack(0x0000006232700000,0x0000006232800000)]
  0x0000019ccd8b4800 JavaThread "Reference Handler" daemon [_thread_blocked, id=8916, stack(0x0000006232600000,0x0000006232700000)]
  0x0000019cb99f5000 JavaThread "main" [_thread_in_vm, id=4220, stack(0x0000006232200000,0x0000006232300000)]

Other Threads:
  0x0000019ccd892000 VMThread [stack: 0x0000006232500000,0x0000006232600000] [id=10012]
  0x0000019ccd949000 WatcherThread [stack: 0x0000006232d00000,0x0000006232e00000] [id=4560]

VM state:not at safepoint (normal execution)

VM Mutex/Monitor currently owned by a thread: None

heap address: 0x00000000c2800000, size: 984 MB, Compressed Oops mode: 32-bit
Narrow klass base: 0x0000000000000000, Narrow klass shift: 3
Compressed class space size: 1073741824 Address: 0x0000000100000000

Heap:
 PSYoungGen      total 18432K, used 4514K [0x00000000eb800000, 0x00000000ecc80000, 0x0000000100000000)
  eden space 15872K, 12% used [0x00000000eb800000,0x00000000eb9f0860,0x00000000ec780000)
  from space 2560K, 98% used [0x00000000eca00000,0x00000000ecc78020,0x00000000ecc80000)
  to   space 2560K, 0% used [0x00000000ec780000,0x00000000ec780000,0x00000000eca00000)
 ParOldGen       total 42496K, used 27419K [0x00000000c2800000, 0x00000000c5180000, 0x00000000eb800000)
  object space 42496K, 64% used [0x00000000c2800000,0x00000000c42c6ea0,0x00000000c5180000)
 Metaspace       used 17777K, capacity 18038K, committed 18304K, reserved 1064960K
  class space    used 2251K, capacity 2355K, committed 2432K, reserved 1048576K

Card table byte_map: [0x0000019cca700000,0x0000019cca8f0000] byte_map_base: 0x0000019cca0ec000

Marking Bits: (ParMarkBitMap*) 0x0000000058590850
 Begin Bits: [0x0000019ccaa40000, 0x0000019ccb9a0000)
 End Bits:   [0x0000019ccb9a0000, 0x0000019ccc900000)

Polling page: 0x0000019cb9ab0000

CodeCache: size=245760Kb used=6156Kb max_used=6159Kb free=239603Kb
 bounds [0x0000019cbb340000, 0x0000019cbb950000, 0x0000019cca340000]
 total_blobs=2265 nmethods=1866 adapters=311
 compilation: enabled

Compilation events (10 events):
Event: 7.554 Thread 0x0000019ccd8eb800 1864       3       com.google.inject.internal.InternalContext::setDependency (12 bytes)
Event: 7.554 Thread 0x0000019ccd8eb800 nmethod 1864 0x0000019cbb948690 code [0x0000019cbb9487e0, 0x0000019cbb948958]
Event: 7.554 Thread 0x0000019ccd8eb800 1865       3       org.eclipse.xtext.impl.RuleCallImpl::getRule (79 bytes)
Event: 7.555 Thread 0x0000019ccd8e7000 1866       4       org.eclipse.emf.ecore.impl.EClassImpl::getEAllStructuralFeatures (220 bytes)
Event: 7.555 Thread 0x0000019ccd8eb800 nmethod 1865 0x0000019cbb947410 code [0x0000019cbb947600, 0x0000019cbb948300]
Event: 7.556 Thread 0x0000019ccd8eb800 1867       1       org.eclipse.xtext.impl.ActionImpl::getType (5 bytes)
Event: 7.556 Thread 0x0000019ccd8eb800 nmethod 1867 0x0000019cbb947150 code [0x0000019cbb9472a0, 0x0000019cbb9473b8]
Event: 7.595 Thread 0x0000019ccd8eb800 1868       1       org.eclipse.xtext.impl.GrammarImpl::getName (5 bytes)
Event: 7.596 Thread 0x0000019ccd8eb800 nmethod 1868 0x0000019cbb946e90 code [0x0000019cbb946fe0, 0x0000019cbb9470f8]
Event: 7.596 Thread 0x0000019ccd8eb800 1869       3       org.eclipse.emf.ecore.impl.BasicEObjectImpl::eContainer (95 bytes)

GC Heap History (10 events):
Event: 4.264 GC heap before
{Heap before GC invocations=4 (full 0):
 PSYoungGen      total 18432K, used 18417K [0x00000000eb800000, 0x00000000ecc80000, 0x0000000100000000)
  eden space 15872K, 100% used [0x00000000eb800000,0x00000000ec780000,0x00000000ec780000)
  from space 2560K, 99% used [0x00000000ec780000,0x00000000ec9fc408,0x00000000eca00000)
  to   space 2560K, 0% used [0x00000000eca00000,0x00000000eca00000,0x00000000ecc80000)
 ParOldGen       total 42496K, used 7194K [0x00000000c2800000, 0x00000000c5180000, 0x00000000eb800000)
  object space 42496K, 16% used [0x00000000c2800000,0x00000000c2f068c0,0x00000000c5180000)
 Metaspace       used 10052K, capacity 10260K, committed 10624K, reserved 1058816K
  class space    used 1195K, capacity 1288K, committed 1408K, reserved 1048576K
Event: 4.283 GC heap after
Heap after GC invocations=4 (full 0):
 PSYoungGen      total 18432K, used 2528K [0x00000000eb800000, 0x00000000ecc80000, 0x0000000100000000)
  eden space 15872K, 0% used [0x00000000eb800000,0x00000000eb800000,0x00000000ec780000)
  from space 2560K, 98% used [0x00000000eca00000,0x00000000ecc78030,0x00000000ecc80000)
  to   space 2560K, 0% used [0x00000000ec780000,0x00000000ec780000,0x00000000eca00000)
 ParOldGen       total 42496K, used 13439K [0x00000000c2800000, 0x00000000c5180000, 0x00000000eb800000)
  object space 42496K, 31% used [0x00000000c2800000,0x00000000c351fe70,0x00000000c5180000)
 Metaspace       used 10052K, capacity 10260K, committed 10624K, reserved 1058816K
  class space    used 1195K, capacity 1288K, committed 1408K, reserved 1048576K
}
Event: 5.229 GC heap before
{Heap before GC invocations=5 (full 0):
 PSYoungGen      total 18432K, used 18400K [0x00000000eb800000, 0x00000000ecc80000, 0x0000000100000000)
  eden space 15872K, 100% used [0x00000000eb800000,0x00000000ec780000,0x00000000ec780000)
  from space 2560K, 98% used [0x00000000eca00000,0x00000000ecc78030,0x00000000ecc80000)
  to   space 2560K, 0% used [0x00000000ec780000,0x00000000ec780000,0x00000000eca00000)
 ParOldGen       total 42496K, used 13439K [0x00000000c2800000, 0x00000000c5180000, 0x00000000eb800000)
  object space 42496K, 31% used [0x00000000c2800000,0x00000000c351fe70,0x00000000c5180000)
 Metaspace       used 12346K, capacity 12532K, committed 12672K, reserved 1060864K
  class space    used 1492K, capacity 1576K, committed 1664K, reserved 1048576K
Event: 5.247 GC heap after
Heap after GC invocations=5 (full 0):
 PSYoungGen      total 18432K, used 2528K [0x00000000eb800000, 0x00000000ecc80000, 0x0000000100000000)
  eden space 15872K, 0% used [0x00000000eb800000,0x00000000eb800000,0x00000000ec780000)
  from space 2560K, 98% used [0x00000000ec780000,0x00000000ec9f8030,0x00000000eca00000)
  to   space 2560K, 0% used [0x00000000eca00000,0x00000000eca00000,0x00000000ecc80000)
 ParOldGen       total 42496K, used 16570K [0x00000000c2800000, 0x00000000c5180000, 0x00000000eb800000)
  object space 42496K, 38% used [0x00000000c2800000,0x00000000c382ebe0,0x00000000c5180000)
 Metaspace       used 12346K, capacity 12532K, committed 12672K, reserved 1060864K
  class space    used 1492K, capacity 1576K, committed 1664K, reserved 1048576K
}
Event: 5.761 GC heap before
{Heap before GC invocations=6 (full 0):
 PSYoungGen      total 18432K, used 18400K [0x00000000eb800000, 0x00000000ecc80000, 0x0000000100000000)
  eden space 15872K, 100% used [0x00000000eb800000,0x00000000ec780000,0x00000000ec780000)
  from space 2560K, 98% used [0x00000000ec780000,0x00000000ec9f8030,0x00000000eca00000)
  to   space 2560K, 0% used [0x00000000eca00000,0x00000000eca00000,0x00000000ecc80000)
 ParOldGen       total 42496K, used 16570K [0x00000000c2800000, 0x00000000c5180000, 0x00000000eb800000)
  object space 42496K, 38% used [0x00000000c2800000,0x00000000c382ebe0,0x00000000c5180000)
 Metaspace       used 13550K, capacity 13728K, committed 14080K, reserved 1060864K
  class space    used 1670K, capacity 1738K, committed 1792K, reserved 1048576K
Event: 5.775 GC heap after
Heap after GC invocations=6 (full 0):
 PSYoungGen      total 18432K, used 2544K [0x00000000eb800000, 0x00000000ecc80000, 0x0000000100000000)
  eden space 15872K, 0% used [0x00000000eb800000,0x00000000eb800000,0x00000000ec780000)
  from space 2560K, 99% used [0x00000000eca00000,0x00000000ecc7c010,0x00000000ecc80000)
  to   space 2560K, 0% used [0x00000000ec780000,0x00000000ec780000,0x00000000eca00000)
 ParOldGen       total 42496K, used 20785K [0x00000000c2800000, 0x00000000c5180000, 0x00000000eb800000)
  object space 42496K, 48% used [0x00000000c2800000,0x00000000c3c4c790,0x00000000c5180000)
 Metaspace       used 13550K, capacity 13728K, committed 14080K, reserved 1060864K
  class space    used 1670K, capacity 1738K, committed 1792K, reserved 1048576K
}
Event: 6.294 GC heap before
{Heap before GC invocations=7 (full 0):
 PSYoungGen      total 18432K, used 18416K [0x00000000eb800000, 0x00000000ecc80000, 0x0000000100000000)
  eden space 15872K, 100% used [0x00000000eb800000,0x00000000ec780000,0x00000000ec780000)
  from space 2560K, 99% used [0x00000000eca00000,0x00000000ecc7c010,0x00000000ecc80000)
  to   space 2560K, 0% used [0x00000000ec780000,0x00000000ec780000,0x00000000eca00000)
 ParOldGen       total 42496K, used 20785K [0x00000000c2800000, 0x00000000c5180000, 0x00000000eb800000)
  object space 42496K, 48% used [0x00000000c2800000,0x00000000c3c4c790,0x00000000c5180000)
 Metaspace       used 14632K, capacity 14826K, committed 14976K, reserved 1062912K
  class space    used 1837K, capacity 1905K, committed 1920K, reserved 1048576K
Event: 6.320 GC heap after
Heap after GC invocations=7 (full 0):
 PSYoungGen      total 18432K, used 2536K [0x00000000eb800000, 0x00000000ecc80000, 0x0000000100000000)
  eden space 15872K, 0% used [0x00000000eb800000,0x00000000eb800000,0x00000000ec780000)
  from space 2560K, 99% used [0x00000000ec780000,0x00000000ec9fa310,0x00000000eca00000)
  to   space 2560K, 0% used [0x00000000eca00000,0x00000000eca00000,0x00000000ecc80000)
 ParOldGen       total 42496K, used 24064K [0x00000000c2800000, 0x00000000c5180000, 0x00000000eb800000)
  object space 42496K, 56% used [0x00000000c2800000,0x00000000c3f80358,0x00000000c5180000)
 Metaspace       used 14632K, capacity 14826K, committed 14976K, reserved 1062912K
  class space    used 1837K, capacity 1905K, committed 1920K, reserved 1048576K
}
Event: 7.472 GC heap before
{Heap before GC invocations=8 (full 0):
 PSYoungGen      total 18432K, used 18408K [0x00000000eb800000, 0x00000000ecc80000, 0x0000000100000000)
  eden space 15872K, 100% used [0x00000000eb800000,0x00000000ec780000,0x00000000ec780000)
  from space 2560K, 99% used [0x00000000ec780000,0x00000000ec9fa310,0x00000000eca00000)
  to   space 2560K, 0% used [0x00000000eca00000,0x00000000eca00000,0x00000000ecc80000)
 ParOldGen       total 42496K, used 24064K [0x00000000c2800000, 0x00000000c5180000, 0x00000000eb800000)
  object space 42496K, 56% used [0x00000000c2800000,0x00000000c3f80358,0x00000000c5180000)
 Metaspace       used 17385K, capacity 17590K, committed 17920K, reserved 1064960K
  class space    used 2216K, capacity 2291K, committed 2304K, reserved 1048576K
Event: 7.484 GC heap after
Heap after GC invocations=8 (full 0):
 PSYoungGen      total 18432K, used 2528K [0x00000000eb800000, 0x00000000ecc80000, 0x0000000100000000)
  eden space 15872K, 0% used [0x00000000eb800000,0x00000000eb800000,0x00000000ec780000)
  from space 2560K, 98% used [0x00000000eca00000,0x00000000ecc78020,0x00000000ecc80000)
  to   space 2560K, 0% used [0x00000000ec780000,0x00000000ec780000,0x00000000eca00000)
 ParOldGen       total 42496K, used 27419K [0x00000000c2800000, 0x00000000c5180000, 0x00000000eb800000)
  object space 42496K, 64% used [0x00000000c2800000,0x00000000c42c6ea0,0x00000000c5180000)
 Metaspace       used 17385K, capacity 17590K, committed 17920K, reserved 1064960K
  class space    used 2216K, capacity 2291K, committed 2304K, reserved 1048576K
}

Deoptimization events (10 events):
Event: 7.192 Thread 0x0000019cb99f5000 Uncommon trap: reason=unstable_if action=reinterpret pc=0x0000019cbb6bc33c method=java.io.WinNTFileSystem.normalize(Ljava/lang/String;II)Ljava/lang/String; @ 8
Event: 7.259 Thread 0x0000019cb99f5000 Uncommon trap: reason=unstable_if action=reinterpret pc=0x0000019cbb5b1b48 method=java.lang.AbstractStringBuilder.append(Ljava/lang/String;)Ljava/lang/AbstractStringBuilder; @ 1
Event: 7.264 Thread 0x0000019cb99f5000 Uncommon trap: reason=class_check action=maybe_recompile pc=0x0000019cbb8a86f0 method=org.eclipse.emf.common.notify.impl.BasicNotifierImpl.eNotificationRequired()Z @ 8
Event: 7.369 Thread 0x0000019cb99f5000 Uncommon trap: reason=class_check action=maybe_recompile pc=0x0000019cbb8a86f0 method=org.eclipse.emf.common.notify.impl.BasicNotifierImpl.eNotificationRequired()Z @ 8
Event: 7.409 Thread 0x0000019cb99f5000 Uncommon trap: reason=class_check action=maybe_recompile pc=0x0000019cbb8a86f0 method=org.eclipse.emf.common.notify.impl.BasicNotifierImpl.eNotificationRequired()Z @ 8
Event: 7.410 Thread 0x0000019cb99f5000 Uncommon trap: reason=class_check action=maybe_recompile pc=0x0000019cbb8a86f0 method=org.eclipse.emf.common.notify.impl.BasicNotifierImpl.eNotificationRequired()Z @ 8
Event: 7.412 Thread 0x0000019cb99f5000 Uncommon trap: reason=class_check action=maybe_recompile pc=0x0000019cbb8fde4c method=org.eclipse.emf.ecore.impl.MinimalEObjectImpl.eDirectResource()Lorg/eclipse/emf/ecore/resource/Resource$Internal; @ 7
Event: 7.419 Thread 0x0000019cb99f5000 Uncommon trap: reason=class_check action=maybe_recompile pc=0x0000019cbb8fde4c method=org.eclipse.emf.ecore.impl.MinimalEObjectImpl.eDirectResource()Lorg/eclipse/emf/ecore/resource/Resource$Internal; @ 7
Event: 7.422 Thread 0x0000019cb99f5000 Uncommon trap: reason=class_check action=maybe_recompile pc=0x0000019cbb8fde4c method=org.eclipse.emf.ecore.impl.MinimalEObjectImpl.eDirectResource()Lorg/eclipse/emf/ecore/resource/Resource$Internal; @ 7
Event: 7.422 Thread 0x0000019cb99f5000 Uncommon trap: reason=class_check action=maybe_recompile pc=0x0000019cbb8fde4c method=org.eclipse.emf.ecore.impl.MinimalEObjectImpl.eDirectResource()Lorg/eclipse/emf/ecore/resource/Resource$Internal; @ 7

Classes redefined (0 events):
No events

Internal exceptions (10 events):
Event: 2.594 Thread 0x0000019cb99f5000 Exception <a 'java/security/PrivilegedActionException'> (0x00000000ebef5eb8) thrown at [E:\Jenkins\workspace\temp\workspace\build\src\hotspot\src\share\vm\prims\jvm.cpp, line 1514]
Event: 2.596 Thread 0x0000019cb99f5000 Exception <a 'java/security/PrivilegedActionException'> (0x00000000ebefae68) thrown at [E:\Jenkins\workspace\temp\workspace\build\src\hotspot\src\share\vm\prims\jvm.cpp, line 1514]
Event: 2.596 Thread 0x0000019cb99f5000 Exception <a 'java/security/PrivilegedActionException'> (0x00000000ebefb078) thrown at [E:\Jenkins\workspace\temp\workspace\build\src\hotspot\src\share\vm\prims\jvm.cpp, line 1514]
Event: 2.868 Thread 0x0000019cb99f5000 Exception <a 'java/lang/ClassNotFoundException': org/apache/log4j/PatternLayoutBeanInfo> (0x00000000ec0555f8) thrown at [E:\Jenkins\workspace\temp\workspace\build\src\hotspot\src\share\vm\classfile\systemDictionary.cpp, line 217]
Event: 2.869 Thread 0x0000019cb99f5000 Exception <a 'java/lang/ClassNotFoundException': org/apache/log4j/LayoutBeanInfo> (0x00000000ec063aa8) thrown at [E:\Jenkins\workspace\temp\workspace\build\src\hotspot\src\share\vm\classfile\systemDictionary.cpp, line 217]
Event: 2.870 Thread 0x0000019cb99f5000 Exception <a 'java/lang/ClassNotFoundException': java/lang/ObjectBeanInfo> (0x00000000ec06a460) thrown at [E:\Jenkins\workspace\temp\workspace\build\src\hotspot\src\share\vm\classfile\systemDictionary.cpp, line 217]
Event: 2.871 Thread 0x0000019cb99f5000 Exception <a 'java/lang/ClassNotFoundException': java/lang/ObjectCustomizer> (0x00000000ec070d98) thrown at [E:\Jenkins\workspace\temp\workspace\build\src\hotspot\src\share\vm\classfile\systemDictionary.cpp, line 217]
Event: 2.904 Thread 0x0000019cb99f5000 Exception <a 'java/lang/ClassNotFoundException': org/apache/log4j/LayoutCustomizer> (0x00000000ec087d08) thrown at [E:\Jenkins\workspace\temp\workspace\build\src\hotspot\src\share\vm\classfile\systemDictionary.cpp, line 217]
Event: 2.910 Thread 0x0000019cb99f5000 Exception <a 'java/lang/ClassNotFoundException': org/apache/log4j/PatternLayoutCustomizer> (0x00000000ec0abd28) thrown at [E:\Jenkins\workspace\temp\workspace\build\src\hotspot\src\share\vm\classfile\systemDictionary.cpp, line 217]
Event: 7.259 Thread 0x0000019cb99f5000 Implicit null exception at 0x0000019cbb5b1796 to 0x0000019cbb5b1b31

Events (10 events):
Event: 7.587 loading class com/google/common/collect/ImmutableMultimap$Builder
Event: 7.587 loading class com/google/common/collect/ImmutableMultimap$Builder done
Event: 7.589 loading class com/google/common/collect/Platform
Event: 7.589 loading class com/google/common/collect/Platform done
Event: 7.590 loading class com/google/common/collect/ImmutableMap$Builder
Event: 7.590 loading class com/google/common/collect/ImmutableMap$Builder done
Event: 7.592 loading class com/google/common/collect/ImmutableBiMap$Builder
Event: 7.592 loading class com/google/common/collect/ImmutableBiMap$Builder done
Event: 7.594 loading class com/google/common/collect/ImmutableCollection$Builder
Event: 7.594 loading class com/google/common/collect/ImmutableCollection$Builder done


Dynamic libraries:
0x00007ff66bc10000 - 0x00007ff66bc61000 	C:\Program Files\Eclipse Adoptium\jdk-8.0.402.6-hotspot\bin\javaw.exe
0x00007ff909930000 - 0x00007ff909b28000 	C:\WINDOWS\SYSTEM32\ntdll.dll
0x00007ff908870000 - 0x00007ff90892d000 	C:\WINDOWS\System32\KERNEL32.DLL
0x00007ff9073a0000 - 0x00007ff907696000 	C:\WINDOWS\System32\KERNELBASE.dll
0x00007ff909820000 - 0x00007ff9098d0000 	C:\WINDOWS\System32\ADVAPI32.dll
0x00007ff908620000 - 0x00007ff9086be000 	C:\WINDOWS\System32\msvcrt.dll
0x00007ff907bb0000 - 0x00007ff907c50000 	C:\WINDOWS\System32\sechost.dll
0x00007ff9086c0000 - 0x00007ff9087e3000 	C:\WINDOWS\System32\RPCRT4.dll
0x00007ff9076f0000 - 0x00007ff907717000 	C:\WINDOWS\System32\bcrypt.dll
0x00007ff907e00000 - 0x00007ff907f9f000 	C:\WINDOWS\System32\USER32.dll
0x00007ff907930000 - 0x00007ff907952000 	C:\WINDOWS\System32\win32u.dll
0x00007ff9090a0000 - 0x00007ff9090cb000 	C:\WINDOWS\System32\GDI32.dll
0x00007ff907210000 - 0x00007ff907327000 	C:\WINDOWS\System32\gdi32full.dll
0x00007ff907070000 - 0x00007ff90710d000 	C:\WINDOWS\System32\msvcp_win.dll
0x00007ff907110000 - 0x00007ff907210000 	C:\WINDOWS\System32\ucrtbase.dll
0x00007ff8ef1c0000 - 0x00007ff8ef45a000 	C:\WINDOWS\WinSxS\amd64_microsoft.windows.common-controls_6595b64144ccf1df_6.0.19041.3636_none_60b6a03d71f818d5\COMCTL32.dll
0x00007ff907b70000 - 0x00007ff907ba2000 	C:\WINDOWS\System32\IMM32.DLL
0x00007ff8efdd0000 - 0x00007ff8efde5000 	C:\Program Files\Eclipse Adoptium\jdk-8.0.402.6-hotspot\jre\bin\vcruntime140.dll
0x00007ff8d3fb0000 - 0x00007ff8d404b000 	C:\Program Files\Eclipse Adoptium\jdk-8.0.402.6-hotspot\jre\bin\msvcp140.dll
0x0000000057db0000 - 0x0000000058609000 	C:\Program Files\Eclipse Adoptium\jdk-8.0.402.6-hotspot\jre\bin\server\jvm.dll
0x00007ff9097b0000 - 0x00007ff9097b8000 	C:\WINDOWS\System32\PSAPI.DLL
0x00007ff901f70000 - 0x00007ff901f79000 	C:\WINDOWS\SYSTEM32\WSOCK32.dll
0x00007ff908800000 - 0x00007ff90886b000 	C:\WINDOWS\System32\WS2_32.dll
0x00007ff8efb40000 - 0x00007ff8efb67000 	C:\WINDOWS\SYSTEM32\WINMM.dll
0x00007ff900c70000 - 0x00007ff900c7a000 	C:\WINDOWS\SYSTEM32\VERSION.dll
0x00007ff904e70000 - 0x00007ff904e82000 	C:\WINDOWS\SYSTEM32\kernel.appcore.dll
0x00007ff902bf0000 - 0x00007ff902c00000 	C:\Program Files\Eclipse Adoptium\jdk-8.0.402.6-hotspot\jre\bin\verify.dll
0x00007ff901ac0000 - 0x00007ff901aeb000 	C:\Program Files\Eclipse Adoptium\jdk-8.0.402.6-hotspot\jre\bin\java.dll
0x00007ff902ba0000 - 0x00007ff902bb8000 	C:\Program Files\Eclipse Adoptium\jdk-8.0.402.6-hotspot\jre\bin\zip.dll
0x00007ff908930000 - 0x00007ff90909b000 	C:\WINDOWS\System32\SHELL32.dll
0x00007ff905070000 - 0x00007ff90580e000 	C:\WINDOWS\SYSTEM32\windows.storage.dll
0x00007ff909220000 - 0x00007ff909573000 	C:\WINDOWS\System32\combase.dll
0x00007ff906a10000 - 0x00007ff906a3e000 	C:\WINDOWS\SYSTEM32\Wldp.dll
0x00007ff908410000 - 0x00007ff9084dd000 	C:\WINDOWS\System32\OLEAUT32.dll
0x00007ff9096a0000 - 0x00007ff90974d000 	C:\WINDOWS\System32\SHCORE.dll
0x00007ff909160000 - 0x00007ff9091b5000 	C:\WINDOWS\System32\shlwapi.dll
0x00007ff906f10000 - 0x00007ff906f33000 	C:\WINDOWS\SYSTEM32\profapi.dll

VM Arguments:
jvm_args: -Duser.language=es_AR -Dfile.encoding=UTF-8 
java_command: org.uqbar.project.wollok.launch.WollokLauncher -requestsPort 0 -eventsPort 0 -folder -dontValidate -wf src/program.wpgm -darkMode
java_class_path (initial): C:\Users\esjai\Downloads\autitosGame-agusesjaita\bin;C:\Users\esjai\Downloads\plugins\com.ibm.icu_64.2.0.v20190507-1337.jar;C:\Users\esjai\Downloads\plugins\org.eclipse.xtext_2.20.0.v20191202-0915.jar;C:\Users\esjai\Downloads\plugins\org.eclipse.emf.ecore.xmi_2.16.0.v20190528-0725.jar;C:\Users\esjai\Downloads\plugins\org.eclipse.emf.ecore_2.20.0.v20190920-0401.jar;C:\Users\esjai\Downloads\plugins\org.eclipse.emf.common_2.17.0.v20190920-0401.jar;C:\Users\esjai\Downloads\plugins\org.antlr.runtime_3.2.0.v201101311130.jar;C:\Users\esjai\Downloads\plugins\com.google.inject_3.0.0.v201605172100.jar;C:\Users\esjai\Downloads\plugins\org.eclipse.emf.mwe.core_1.5.1.v20191121-1148.jar;C:\Users\esjai\Downloads\plugins\org.apache.commons.cli_1.2.0.v201404270220.jar;C:\Users\esjai\Downloads\plugins\org.eclipse.emf.mwe2.runtime_2.11.1.v20191121-1148.jar;C:\Users\esjai\Downloads\plugins\org.eclipse.emf.mwe.utils_1.5.1.v20191121-1148.jar;C:\Users\esjai\Downloads\plugins\org.eclipse.xtext.util_2.20.0.v20191202-0915.jar;C:\Users\esjai\Downloads\plugins\com.google.guava_27.1.0.v20190517-1946.jar;C:\Users\esjai\Downloads\plugins\javax.inject_1.0.0.v20091030.jar;C:\Users\esjai\Downloads\plugins\org.eclipse.xtext.generator_2.20.0.v20191202-0933.jar;C:\Users\esjai\Downloads\plugins\org.eclipse.xtext.xtext.generator_2.20.0.v20191202-0915.jar;C:\Users\esjai\Downloads\plugins\org.eclipse.xtext.xbase.lib_2.20.0.v20191202-0907.jar;C:\Users\esjai\Downloads\plugins\org.eclipse.emf.codegen.ecore_2.20.0.v20191012-0918.jar;C:\Users\esjai\Downloads\plugins\org.eclipse.emf.codegen_2.19.0.v20190821-1536.jar;C:\Users\esjai\Downloads\plugins\org.eclipse.xtend_2.2.0.v201605260315.jar;C:\Users\esjai\Downloads\plugins\org.eclipse.xpand_2.2.0.v201605260315.jar;C:\Users\esjai\Downloads\plugins\org.eclipse.xtend.typesystem.emf_2.2.0.v201605260315.jar;C:\Users\esjai\Downloads\plugins\org.uqbar.project.wollok_3.0.0.jar;C:\Users\esjai\Downloads\plugins\org.eclipse.xtext.xbase_2.20.0.v2
Launcher Type: SUN_STANDARD

Environment Variables:
PATH=C:/Program Files/Eclipse Adoptium/jdk-8.0.402.6-hotspot/bin/../jre/bin/server;C:/Program Files/Eclipse Adoptium/jdk-8.0.402.6-hotspot/bin/../jre/bin;C:/Program Files/Eclipse Adoptium/jdk-8.0.402.6-hotspot/bin/../jre/lib/amd64;C:\Program Files\Eclipse Adoptium\jdk-8.0.402.6-hotspot\bin;C:\WINDOWS\system32;C:\WINDOWS;C:\WINDOWS\System32\Wbem;C:\WINDOWS\System32\WindowsPowerShell\v1.0\;C:\WINDOWS\System32\OpenSSH\;C:\Program Files\Git\cmd;C:\Users\esjai\AppData\Local\Microsoft\WindowsApps;;C:\Users\esjai\Downloads\Microsoft VS Code\bin;C:\Users\esjai\Downloads;
USERNAME=esjai
OS=Windows_NT
PROCESSOR_IDENTIFIER=Intel64 Family 6 Model 92 Stepping 9, GenuineIntel



---------------  S Y S T E M  ---------------

OS: Windows 10 , 64 bit Build 19041 (10.0.19041.3636)

CPU:total 2 (initial active 2) (2 cores per cpu, 1 threads per core) family 6 model 92 stepping 9, cmov, cx8, fxsr, mmx, sse, sse2, sse3, ssse3, sse4.1, sse4.2, popcnt, aes, clmul, erms, 3dnowpref, tsc, tscinvbit

Memory: 4k page, physical 4023332k(208648k free), swap 9188368k(4216k free)

vm_info: OpenJDK 64-Bit Server VM (25.402-b06) for windows-amd64 JRE (1.8.0_402-b06), built on Jan 16 2024 21:53:06 by "jenkins" with MS VC++ 15.9 (VS2017)

time: Sun Apr 21 03:48:29 2024
timezone: Hora estándar de Argentina
elapsed time: 7.608283 seconds (0d 0h 0m 7s)

